# JRE version: OpenJDK Runtime Environment (21.0.2+13) (build 21.0.2+13-58)
# Java VM: OpenJDK 64-Bit Server VM (21.0.2+13-58, mixed mode, sharing, tiered, compressed oops, compressed class ptrs, g1 gc, windows-amd64)
GC Precious Log:
 CardTable entry size: 512
 Card Set container configuration: InlinePtr #cards 4 size 8 Array Of Cards #cards 32 size 80 Howl #buckets 8 coarsen threshold 7372 Howl Bitmap #cards 1024 size 144 coarsen threshold 921 Card regions per heap region 1 cards per card region 8192
 CPUs: 24 total, 24 available
 Memory: 32509M
 Large Page Support: Disabled
 NUMA Support: Disabled
 Compressed Oops: Enabled (Zero based)
 Heap Region Size: 4M
 Heap Min Capacity: 8M
 Heap Initial Capacity: 508M
 Heap Max Capacity: 8128M
 Pre-touch: Disabled
 Parallel Workers: 18
 Concurrent Workers: 5
 Concurrent Refinement Workers: 18
 Periodic GC: Disabled
Heap:
 garbage-first heap   total 172032K, used 95325K [0x0000000604000000, 0x0000000800000000)
  region size 4096K, 16 young (65536K), 3 survivors (12288K)
 Metaspace       used 76833K, committed 77760K, reserved 1179648K
  class space    used 9560K, committed 9984K, reserved 1048576K
GC Heap History (20 events):
Event: 2.063 GC heap before
{Heap before GC invocations=4 (full 0):
 garbage-first heap   total 81920K, used 74778K [0x0000000604000000, 0x0000000800000000)
  region size 4096K, 17 young (69632K), 2 survivors (8192K)
 Metaspace       used 27417K, committed 27840K, reserved 1114112K
  class space    used 3424K, committed 3648K, reserved 1048576K
}
Event: 2.066 GC heap after
{Heap after GC invocations=5 (full 0):
 garbage-first heap   total 94208K, used 18179K [0x0000000604000000, 0x0000000800000000)
  region size 4096K, 3 young (12288K), 3 survivors (12288K)
 Metaspace       used 27417K, committed 27840K, reserved 1114112K
  class space    used 3424K, committed 3648K, reserved 1048576K
}
Event: 2.398 GC heap before
{Heap before GC invocations=5 (full 0):
 garbage-first heap   total 94208K, used 59139K [0x0000000604000000, 0x0000000800000000)
  region size 4096K, 13 young (53248K), 3 survivors (12288K)
 Metaspace       used 32038K, committed 32448K, reserved 1114112K
  class space    used 4001K, committed 4224K, reserved 1048576K
}
Event: 2.402 GC heap after
{Heap after GC invocations=6 (full 0):
 garbage-first heap   total 94208K, used 20173K [0x0000000604000000, 0x0000000800000000)
  region size 4096K, 1 young (4096K), 1 survivors (4096K)
 Metaspace       used 32038K, committed 32448K, reserved 1114112K
  class space    used 4001K, committed 4224K, reserved 1048576K
}
Event: 2.698 GC heap before
{Heap before GC invocations=6 (full 0):
 garbage-first heap   total 94208K, used 44749K [0x0000000604000000, 0x0000000800000000)
  region size 4096K, 8 young (32768K), 1 survivors (4096K)
 Metaspace       used 35726K, committed 36096K, reserved 1114112K
  class space    used 4432K, committed 4608K, reserved 1048576K
}
Event: 2.700 GC heap after
{Heap after GC invocations=7 (full 0):
 garbage-first heap   total 94208K, used 21375K [0x0000000604000000, 0x0000000800000000)
  region size 4096K, 1 young (4096K), 1 survivors (4096K)
 Metaspace       used 35726K, committed 36096K, reserved 1114112K
  class space    used 4432K, committed 4608K, reserved 1048576K
}
Event: 3.291 GC heap before
{Heap before GC invocations=8 (full 0):
 garbage-first heap   total 94208K, used 66431K [0x0000000604000000, 0x0000000800000000)
  region size 4096K, 13 young (53248K), 1 survivors (4096K)
 Metaspace       used 41969K, committed 42496K, reserved 1114112K
  class space    used 5426K, committed 5696K, reserved 1048576K
}
Event: 3.299 GC heap after
{Heap after GC invocations=9 (full 0):
 garbage-first heap   total 94208K, used 23606K [0x0000000604000000, 0x0000000800000000)
  region size 4096K, 2 young (8192K), 2 survivors (8192K)
 Metaspace       used 41969K, committed 42496K, reserved 1114112K
  class space    used 5426K, committed 5696K, reserved 1048576K
}
Event: 3.925 GC heap before
{Heap before GC invocations=9 (full 0):
 garbage-first heap   total 94208K, used 68662K [0x0000000604000000, 0x0000000800000000)
  region size 4096K, 13 young (53248K), 2 survivors (8192K)
 Metaspace       used 46121K, committed 46720K, reserved 1114112K
  class space    used 5952K, committed 6272K, reserved 1048576K
}
Event: 3.928 GC heap after
{Heap after GC invocations=10 (full 0):
 garbage-first heap   total 307200K, used 26090K [0x0000000604000000, 0x0000000800000000)
  region size 4096K, 2 young (8192K), 2 survivors (8192K)
 Metaspace       used 46121K, committed 46720K, reserved 1114112K
  class space    used 5952K, committed 6272K, reserved 1048576K
}
Event: 4.947 GC heap before
{Heap before GC invocations=10 (full 0):
 garbage-first heap   total 307200K, used 120298K [0x0000000604000000, 0x0000000800000000)
  region size 4096K, 26 young (106496K), 2 survivors (8192K)
 Metaspace       used 59887K, committed 60480K, reserved 1114112K
  class space    used 7558K, committed 7808K, reserved 1048576K
}
Event: 4.950 GC heap after
{Heap after GC invocations=11 (full 0):
 garbage-first heap   total 307200K, used 34148K [0x0000000604000000, 0x0000000800000000)
  region size 4096K, 4 young (16384K), 4 survivors (16384K)
 Metaspace       used 59887K, committed 60480K, reserved 1114112K
  class space    used 7558K, committed 7808K, reserved 1048576K
}
Event: 5.499 GC heap before
{Heap before GC invocations=12 (full 0):
 garbage-first heap   total 151552K, used 144740K [0x0000000604000000, 0x0000000800000000)
  region size 4096K, 31 young (126976K), 4 survivors (16384K)
 Metaspace       used 63250K, committed 63936K, reserved 1114112K
  class space    used 7938K, committed 8256K, reserved 1048576K
}
Event: 5.504 GC heap after
{Heap after GC invocations=13 (full 0):
 garbage-first heap   total 172032K, used 39084K [0x0000000604000000, 0x0000000800000000)
  region size 4096K, 5 young (20480K), 5 survivors (20480K)
 Metaspace       used 63250K, committed 63936K, reserved 1114112K
  class space    used 7938K, committed 8256K, reserved 1048576K
}
Event: 6.154 GC heap before
{Heap before GC invocations=13 (full 0):
 garbage-first heap   total 172032K, used 121004K [0x0000000604000000, 0x0000000800000000)
  region size 4096K, 25 young (102400K), 5 survivors (20480K)
 Metaspace       used 66079K, committed 66816K, reserved 1114112K
  class space    used 8294K, committed 8640K, reserved 1048576K
}
Event: 6.159 GC heap after
{Heap after GC invocations=14 (full 0):
 garbage-first heap   total 172032K, used 42968K [0x0000000604000000, 0x0000000800000000)
  region size 4096K, 3 young (12288K), 3 survivors (12288K)
 Metaspace       used 66079K, committed 66816K, reserved 1114112K
  class space    used 8294K, committed 8640K, reserved 1048576K
}
Event: 29.123 GC heap before
{Heap before GC invocations=14 (full 0):
 garbage-first heap   total 172032K, used 133080K [0x0000000604000000, 0x0000000800000000)
  region size 4096K, 25 young (102400K), 3 survivors (12288K)
 Metaspace       used 70170K, committed 70976K, reserved 1114112K
  class space    used 8827K, committed 9216K, reserved 1048576K
}
Event: 29.126 GC heap after
{Heap after GC invocations=15 (full 0):
 garbage-first heap   total 172032K, used 46837K [0x0000000604000000, 0x0000000800000000)
  region size 4096K, 3 young (12288K), 3 survivors (12288K)
 Metaspace       used 70170K, committed 70976K, reserved 1114112K
  class space    used 8827K, committed 9216K, reserved 1048576K
}
Event: 33.758 GC heap before
{Heap before GC invocations=15 (full 0):
 garbage-first heap   total 172032K, used 132853K [0x0000000604000000, 0x0000000800000000)
  region size 4096K, 25 young (102400K), 3 survivors (12288K)
 Metaspace       used 76273K, committed 77120K, reserved 1179648K
  class space    used 9512K, committed 9920K, reserved 1048576K
}
Event: 33.763 GC heap after
{Heap after GC invocations=16 (full 0):
 garbage-first heap   total 172032K, used 50269K [0x0000000604000000, 0x0000000800000000)
  region size 4096K, 3 young (12288K), 3 survivors (12288K)
 Metaspace       used 76273K, committed 77120K, reserved 1179648K
  class space    used 9512K, committed 9920K, reserved 1048576K
}

